#
# There is insufficient memory for the Java Runtime Environment to continue.
# Native memory allocation (malloc) failed to allocate 609776 bytes for Chunk::new
# Possible reasons:
#   The system is out of physical RAM or swap space
#   In 32 bit mode, the process size limit was hit
# Possible solutions:
#   Reduce memory load on the system
#   Increase physical memory or swap space
#   Check if swap backing store is full
#   Use 64 bit Java on a 64 bit OS
#   Decrease Java heap size (-Xmx/-Xms)
#   Decrease number of Java threads
#   Decrease Java thread stack sizes (-Xss)
#   Set larger code cache with -XX:ReservedCodeCacheSize=
# This output file may be truncated or incomplete.
#
#  Out of Memory Error (allocation.cpp:390), pid=43128, tid=0x000000000000a15c
#
# JRE version: Java(TM) SE Runtime Environment (8.0_121-b13) (build 1.8.0_121-b13)
# Java VM: Java HotSpot(TM) 64-Bit Server VM (25.121-b13 mixed mode windows-amd64 compressed oops)
# Failed to write core dump. Minidumps are not enabled by default on client versions of Windows
#

---------------  T H R E A D  ---------------

Current thread (0x000000001a51c000):  JavaThread "Unknown thread" [_thread_in_native, id=41308, stack(0x000000001ac60000,0x000000001ad60000)]

Stack: [0x000000001ac60000,0x000000001ad60000]
[error occurred during error reporting (printing stack bounds), id 0xc0000005]

Native frames: (J=compiled Java code, j=interpreted, Vv=VM code, C=native code)


Current CompileTask:
C2:   2254 1438       4       java.net.URLStreamHandler::parseURL (1193 bytes)


---------------  P R O C E S S  ---------------

Java Threads: ( => current thread )
  0x000000001a5c0800 JavaThread "Unknown thread" [_thread_blocked, id=24056, stack(0x000000001b060000,0x000000001b160000)]
  0x000000001a533800 
[error occurred during error reporting (printing all threads), id 0xc0000005]

VM state:at safepoint (normal execution)

VM Mutex/Monitor currently owned by a thread:  ([mutex/lock_event])
[0x00000000034e1850] Threads_lock - owner thread: 0x0000000018589800
[0x00000000034e1dd0] Heap_lock - owner thread: 0x00000000034e4800

Heap:
 PSYoungGen      total 38400K, used 5098K [0x00000000d5d00000, 0x00000000d8780000, 0x0000000100000000)
  eden space 33280K, 0% used [0x00000000d5d00000,0x00000000d5d00000,0x00000000d7d80000)
  from space 5120K, 99% used [0x00000000d7d80000,0x00000000d827a890,0x00000000d8280000)
  to   space 5120K, 0% used [0x00000000d8280000,0x00000000d8280000,0x00000000d8780000)
 ParOldGen       total 87552K, used 4292K [0x0000000081600000, 0x0000000086b80000, 0x00000000d5d00000)
  object space 87552K, 4% used [0x0000000081600000,0x0000000081a311e0,0x0000000086b80000)
 Metaspace       used 17950K, capacity 18422K, committed 18560K, reserved 1069056K
  class space    used 2216K, capacity 2383K, committed 2432K, reserved 1048576K

Card table byte_map: [0x00000000129a0000,0x0000000012da0000] byte_map_base: 0x0000000012595000

Marking Bits: (ParMarkBitMap*) 0x000000006ebdb6d0
 Begin Bits: [0x0000000013850000, 0x00000000157f8000)
 End Bits:   [0x00000000157f8000, 0x00000000177a0000)

Polling page: 0x0000000001620000

CodeCache: size=245760Kb used=5117Kb max_used=5117Kb free=240642Kb
 bounds [0x00000000035e0000, 0x0000000003af0000, 0x00000000125e0000]
 total_blobs=1850 nmethods=1441 adapters=322
 compilation: enabled

Compilation events (10 events):
Event: 2.189 Thread 0x000000001a51c000 1438       4       java.net.URLStreamHandler::parseURL (1193 bytes)
Event: 2.213 Thread 0x000000001a533800 1439       3       java.lang.String::equalsIgnoreCase (48 bytes)
Event: 2.213 Thread 0x000000001a533800 nmethod 1439 0x0000000003ada350 code [0x0000000003ada4c0, 0x0000000003ada828]
Event: 2.214 Thread 0x000000001a533800 1440  s    3       java.io.ExpiringCache::get (39 bytes)
Event: 2.215 Thread 0x000000001a533800 nmethod 1440 0x0000000003adf050 code [0x0000000003adf1e0, 0x0000000003adf618]
Event: 2.215 Thread 0x000000001a533800 1441       3       java.util.regex.Matcher::group (112 bytes)
Event: 2.216 Thread 0x000000001a533800 nmethod 1441 0x0000000003adf750 code [0x0000000003adf980, 0x0000000003ae06e8]
Event: 2.216 Thread 0x000000001a533800 1442       3       java.lang.reflect.AccessibleObject::setAccessible (21 bytes)
Event: 2.216 Thread 0x000000001a533800 nmethod 1442 0x0000000003ae0c90 code [0x0000000003ae0e20, 0x0000000003ae1118]
Event: 2.219 Thread 0x000000001a51e800 1443   !   4       java.util.concurrent.ConcurrentHashMap::putVal (362 bytes)

GC Heap History (7 events):
Event: 1.517 GC heap before
{Heap before GC invocations=1 (full 0):
 PSYoungGen      total 38400K, used 33280K [0x00000000d5d00000, 0x00000000d8780000, 0x0000000100000000)
  eden space 33280K, 100% used [0x00000000d5d00000,0x00000000d7d80000,0x00000000d7d80000)
  from space 5120K, 0% used [0x00000000d8280000,0x00000000d8280000,0x00000000d8780000)
  to   space 5120K, 0% used [0x00000000d7d80000,0x00000000d7d80000,0x00000000d8280000)
 ParOldGen       total 87552K, used 0K [0x0000000081600000, 0x0000000086b80000, 0x00000000d5d00000)
  object space 87552K, 0% used [0x0000000081600000,0x0000000081600000,0x0000000086b80000)
 Metaspace       used 11532K, capacity 11868K, committed 12032K, reserved 1060864K
  class space    used 1324K, capacity 1410K, committed 1536K, reserved 1048576K
Event: 1.525 GC heap after
Heap after GC invocations=1 (full 0):
 PSYoungGen      total 38400K, used 5096K [0x00000000d5d00000, 0x00000000d8780000, 0x0000000100000000)
  eden space 33280K, 0% used [0x00000000d5d00000,0x00000000d5d00000,0x00000000d7d80000)
  from space 5120K, 99% used [0x00000000d7d80000,0x00000000d827a110,0x00000000d8280000)
  to   space 5120K, 0% used [0x00000000d8280000,0x00000000d8280000,0x00000000d8780000)
 ParOldGen       total 87552K, used 180K [0x0000000081600000, 0x0000000086b80000, 0x00000000d5d00000)
  object space 87552K, 0% used [0x0000000081600000,0x000000008162d168,0x0000000086b80000)
 Metaspace       used 11532K, capacity 11868K, committed 12032K, reserved 1060864K
  class space    used 1324K, capacity 1410K, committed 1536K, reserved 1048576K
}
Event: 2.030 GC heap before
{Heap before GC invocations=2 (full 0):
 PSYoungGen      total 38400K, used 38376K [0x00000000d5d00000, 0x00000000d8780000, 0x0000000100000000)
  eden space 33280K, 100% used [0x00000000d5d00000,0x00000000d7d80000,0x00000000d7d80000)
  from space 5120K, 99% used [0x00000000d7d80000,0x00000000d827a110,0x00000000d8280000)
  to   space 5120K, 0% used [0x00000000d8280000,0x00000000d8280000,0x00000000d8780000)
 ParOldGen       total 87552K, used 180K [0x0000000081600000, 0x0000000086b80000, 0x00000000d5d00000)
  object space 87552K, 0% used [0x0000000081600000,0x000000008162d168,0x0000000086b80000)
 Metaspace       used 16054K, capacity 16478K, committed 16768K, reserved 1064960K
  class space    used 1927K, capacity 2085K, committed 2176K, reserved 1048576K
Event: 2.037 GC heap after
Heap after GC invocations=2 (full 0):
 PSYoungGen      total 38400K, used 5112K [0x00000000d5d00000, 0x00000000d8780000, 0x0000000100000000)
  eden space 33280K, 0% used [0x00000000d5d00000,0x00000000d5d00000,0x00000000d7d80000)
  from space 5120K, 99% used [0x00000000d8280000,0x00000000d877e060,0x00000000d8780000)
  to   space 5120K, 0% used [0x00000000d7d80000,0x00000000d7d80000,0x00000000d8280000)
 ParOldGen       total 87552K, used 2707K [0x0000000081600000, 0x0000000086b80000, 0x00000000d5d00000)
  object space 87552K, 3% used [0x0000000081600000,0x00000000818a4c08,0x0000000086b80000)
 Metaspace       used 16054K, capacity 16478K, committed 16768K, reserved 1064960K
  class space    used 1927K, capacity 2085K, committed 2176K, reserved 1048576K
}
Event: 2.226 GC heap before
{Heap before GC invocations=3 (full 0):
 PSYoungGen      total 38400K, used 19112K [0x00000000d5d00000, 0x00000000d8780000, 0x0000000100000000)
  eden space 33280K, 42% used [0x00000000d5d00000,0x00000000d6aac300,0x00000000d7d80000)
  from space 5120K, 99% used [0x00000000d8280000,0x00000000d877e060,0x00000000d8780000)
  to   space 5120K, 0% used [0x00000000d7d80000,0x00000000d7d80000,0x00000000d8280000)
 ParOldGen       total 87552K, used 2707K [0x0000000081600000, 0x0000000086b80000, 0x00000000d5d00000)
  object space 87552K, 3% used [0x0000000081600000,0x00000000818a4c08,0x0000000086b80000)
 Metaspace       used 17950K, capacity 18422K, committed 18560K, reserved 1069056K
  class space    used 2216K, capacity 2383K, committed 2432K, reserved 1048576K
Event: 2.235 GC heap after
Heap after GC invocations=3 (full 0):
 PSYoungGen      total 38400K, used 5098K [0x00000000d5d00000, 0x00000000d8780000, 0x0000000100000000)
  eden space 33280K, 0% used [0x00000000d5d00000,0x00000000d5d00000,0x00000000d7d80000)
  from space 5120K, 99% used [0x00000000d7d80000,0x00000000d827a890,0x00000000d8280000)
  to   space 5120K, 0% used [0x00000000d8280000,0x00000000d8280000,0x00000000d8780000)
 ParOldGen       total 87552K, used 4292K [0x0000000081600000, 0x0000000086b80000, 0x00000000d5d00000)
  object space 87552K, 4% used [0x0000000081600000,0x0000000081a311e0,0x0000000086b80000)
 Metaspace       used 17950K, capacity 18422K, committed 18560K, reserved 1069056K
  class space    used 2216K, capacity 2383K, committed 2432K, reserved 1048576K
}
Event: 2.235 GC heap before
{Heap before GC invocations=4 (full 1):
 PSYoungGen      total 38400K, used 5098K [0x00000000d5d00000, 0x00000000d8780000, 0x0000000100000000)
  eden space 33280K, 0% used [0x00000000d5d00000,0x00000000d5d00000,0x00000000d7d80000)
  from space 5120K, 99% used [0x00000000d7d80000,0x00000000d827a890,0x00000000d8280000)
  to   space 5120K, 0% used [0x00000000d8280000,0x00000000d8280000,0x00000000d8780000)
 ParOldGen       total 87552K, used 4292K [0x0000000081600000, 0x0000000086b80000, 0x00000000d5d00000)
  object space 87552K, 4% used [0x0000000081600000,0x0000000081a311e0,0x0000000086b80000)
 Metaspace       used 17950K, capacity 18422K, committed 18560K, reserved 1069056K
  class space    used 2216K, capacity 2383K, committed 2432K, reserved 1048576K

Deoptimization events (9 events):
Event: 0.461 Thread 0x00000000034e4800 Uncommon trap: reason=null_check action=make_not_entrant pc=0x0000000003743778 method=java.lang.String.equals(Ljava/lang/Object;)Z @ 8
Event: 0.479 Thread 0x00000000034e4800 Uncommon trap: reason=unstable_if action=reinterpret pc=0x000000000379cea0 method=java.lang.String.indexOf([CII[CIII)I @ 3
Event: 1.778 Thread 0x00000000034e4800 Uncommon trap: reason=unstable_if action=reinterpret pc=0x000000000393165c method=java.util.HashMap.hash(Ljava/lang/Object;)I @ 1
Event: 1.930 Thread 0x00000000034e4800 Uncommon trap: reason=unstable_if action=reinterpret pc=0x00000000039de9e4 method=java.io.DataInputStream.readUTF(Ljava/io/DataInput;)Ljava/lang/String; @ 31
Event: 1.939 Thread 0x00000000034e4800 Uncommon trap: reason=unstable_if action=reinterpret pc=0x0000000003a03a34 method=com.sun.org.apache.xerces.internal.impl.XMLEntityScanner.checkBeforeLoad(Lcom/sun/xml/internal/stream/Entity$ScannedEntity;II)I @ 18
Event: 2.089 Thread 0x00000000034e4800 Uncommon trap: reason=unstable_if action=reinterpret pc=0x00000000039dc79c method=java.lang.String.regionMatches(ZILjava/lang/String;II)Z @ 25
Event: 2.103 Thread 0x00000000034e4800 Uncommon trap: reason=unstable_if action=reinterpret pc=0x0000000003a664e0 method=org.apache.xmlbeans.impl.store.Cur.isNormal()Z @ 60
Event: 2.198 Thread 0x00000000034e4800 Uncommon trap: reason=unstable_if action=reinterpret pc=0x0000000003a9ff30 method=java.lang.String.regionMatches(ZILjava/lang/String;II)Z @ 123
Event: 2.215 Thread 0x00000000034e4800 Uncommon trap: reason=bimorphic action=maybe_recompile pc=0x0000000003ac3574 method=java.net.URL.<init>(Ljava/net/URL;Ljava/lang/String;Ljava/net/URLStreamHandler;)V @ 504

Internal exceptions (10 events):
Event: 1.321 Thread 0x00000000034e4800 Exception <a 'java/lang/ClassNotFoundException': org/apache/log4j/WriterAppenderBeanInfo> (0x00000000d71c7858) thrown at [C:\re\workspace\8-2-build-windows-amd64-cygwin\jdk8u121\8372\hotspot\src\share\vm\classfile\systemDictionary.cpp, line 210]
Event: 1.321 Thread 0x00000000034e4800 Exception <a 'java/lang/ClassNotFoundException': org/apache/log4j/AppenderSkeletonBeanInfo> (0x00000000d71d61d0) thrown at [C:\re\workspace\8-2-build-windows-amd64-cygwin\jdk8u121\8372\hotspot\src\share\vm\classfile\systemDictionary.cpp, line 210]
Event: 1.322 Thread 0x00000000034e4800 Exception <a 'java/lang/ClassNotFoundException': org/apache/log4j/AppenderSkeletonCustomizer> (0x00000000d71e5670) thrown at [C:\re\workspace\8-2-build-windows-amd64-cygwin\jdk8u121\8372\hotspot\src\share\vm\classfile\systemDictionary.cpp, line 210]
Event: 1.323 Thread 0x00000000034e4800 Exception <a 'java/lang/ClassNotFoundException': org/apache/log4j/WriterAppenderCustomizer> (0x00000000d72096c8) thrown at [C:\re\workspace\8-2-build-windows-amd64-cygwin\jdk8u121\8372\hotspot\src\share\vm\classfile\systemDictionary.cpp, line 210]
Event: 1.324 Thread 0x00000000034e4800 Exception <a 'java/lang/ClassNotFoundException': org/apache/log4j/ConsoleAppenderCustomizer> (0x00000000d7223f30) thrown at [C:\re\workspace\8-2-build-windows-amd64-cygwin\jdk8u121\8372\hotspot\src\share\vm\classfile\systemDictionary.cpp, line 210]
Event: 1.330 Thread 0x00000000034e4800 Exception <a 'java/lang/ClassNotFoundException': org/apache/log4j/DailyRollingFileAppenderBeanInfo> (0x00000000d7275e88) thrown at [C:\re\workspace\8-2-build-windows-amd64-cygwin\jdk8u121\8372\hotspot\src\share\vm\classfile\systemDictionary.cpp, line 210]
Event: 1.331 Thread 0x00000000034e4800 Exception <a 'java/lang/ClassNotFoundException': org/apache/log4j/FileAppenderBeanInfo> (0x00000000d7283940) thrown at [C:\re\workspace\8-2-build-windows-amd64-cygwin\jdk8u121\8372\hotspot\src\share\vm\classfile\systemDictionary.cpp, line 210]
Event: 1.331 Thread 0x00000000034e4800 Exception <a 'java/lang/ClassNotFoundException': org/apache/log4j/FileAppenderCustomizer> (0x00000000d72915d0) thrown at [C:\re\workspace\8-2-build-windows-amd64-cygwin\jdk8u121\8372\hotspot\src\share\vm\classfile\systemDictionary.cpp, line 210]
Event: 1.332 Thread 0x00000000034e4800 Exception <a 'java/lang/ClassNotFoundException': org/apache/log4j/DailyRollingFileAppenderCustomizer> (0x00000000d72ae708) thrown at [C:\re\workspace\8-2-build-windows-amd64-cygwin\jdk8u121\8372\hotspot\src\share\vm\classfile\systemDictionary.cpp, line 21
Event: 1.778 Thread 0x00000000034e4800 Implicit null exception at 0x00000000039310fb to 0x0000000003931641

Events (10 events):
Event: 2.223 loading class okhttp3/ConnectionPool
Event: 2.223 loading class okhttp3/ConnectionPool done
Event: 2.224 loading class java/util/concurrent/ThreadPoolExecutor
Event: 2.225 loading class java/util/concurrent/AbstractExecutorService
Event: 2.226 loading class java/util/concurrent/AbstractExecutorService done
Event: 2.226 loading class java/util/concurrent/ThreadPoolExecutor done
Event: 2.226 loading class java/util/concurrent/ThreadPoolExecutor$AbortPolicy
Event: 2.226 loading class java/util/concurrent/RejectedExecutionHandler
Event: 2.226 loading class java/util/concurrent/RejectedExecutionHandler done
Event: 2.226 Executing VM operation: CollectForMetadataAllocation


Dynamic libraries:
0x00007ff6d8f90000 - 0x00007ff6d8fc7000 	C:\Program Files\Java\jdk1.8.0_121\bin\java.exe
0x00007ff82b600000 - 0x00007ff82b7f0000 	C:\WINDOWS\SYSTEM32\ntdll.dll
0x00007ff829d80000 - 0x00007ff829e32000 	C:\WINDOWS\System32\KERNEL32.DLL
0x00007ff828fd0000 - 0x00007ff829275000 	C:\WINDOWS\System32\KERNELBASE.dll
0x00007ff82b080000 - 0x00007ff82b123000 	C:\WINDOWS\System32\ADVAPI32.dll
0x00007ff82b520000 - 0x00007ff82b5be000 	C:\WINDOWS\System32\msvcrt.dll
0x00007ff82ae10000 - 0x00007ff82aea7000 	C:\WINDOWS\System32\sechost.dll
0x00007ff82aeb0000 - 0x00007ff82afd0000 	C:\WINDOWS\System32\RPCRT4.dll
0x00007ff82ac00000 - 0x00007ff82ad94000 	C:\WINDOWS\System32\USER32.dll
0x00007ff829540000 - 0x00007ff829561000 	C:\WINDOWS\System32\win32u.dll
0x00007ff82abd0000 - 0x00007ff82abf6000 	C:\WINDOWS\System32\GDI32.dll
0x00007ff8293a0000 - 0x00007ff829536000 	C:\WINDOWS\System32\gdi32full.dll
0x00007ff8292e0000 - 0x00007ff82937e000 	C:\WINDOWS\System32\msvcp_win.dll
0x00007ff8285a0000 - 0x00007ff82869a000 	C:\WINDOWS\System32\ucrtbase.dll
0x00007ff818b20000 - 0x00007ff818da4000 	C:\WINDOWS\WinSxS\amd64_microsoft.windows.common-controls_6595b64144ccf1df_6.0.18362.1256_none_9e7e379be45e40e2\COMCTL32.dll
0x00007ff82b130000 - 0x00007ff82b466000 	C:\WINDOWS\System32\combase.dll
0x00007ff829620000 - 0x00007ff8296a1000 	C:\WINDOWS\System32\bcryptPrimitives.dll
0x00007ff82b470000 - 0x00007ff82b49e000 	C:\WINDOWS\System32\IMM32.DLL
0x000000006ec60000 - 0x000000006ed32000 	C:\Program Files\Java\jdk1.8.0_121\jre\bin\msvcr100.dll
0x000000006e3c0000 - 0x000000006ec5b000 	C:\Program Files\Java\jdk1.8.0_121\jre\bin\server\jvm.dll
0x00007ff8299d0000 - 0x00007ff8299d8000 	C:\WINDOWS\System32\PSAPI.DLL
0x00007ff828020000 - 0x00007ff82802a000 	C:\WINDOWS\SYSTEM32\VERSION.dll
0x00007ff8238b0000 - 0x00007ff8238b9000 	C:\WINDOWS\SYSTEM32\WSOCK32.dll
0x00007ff825ff0000 - 0x00007ff826014000 	C:\WINDOWS\SYSTEM32\WINMM.dll
0x00007ff82ada0000 - 0x00007ff82ae0f000 	C:\WINDOWS\System32\WS2_32.dll
0x00007ff825de0000 - 0x00007ff825e0d000 	C:\WINDOWS\SYSTEM32\winmmbase.dll
0x00007ff8286a0000 - 0x00007ff8286ea000 	C:\WINDOWS\System32\cfgmgr32.dll
0x000000006e3b0000 - 0x000000006e3bf000 	C:\Program Files\Java\jdk1.8.0_121\jre\bin\verify.dll
0x000000006e380000 - 0x000000006e3a9000 	C:\Program Files\Java\jdk1.8.0_121\jre\bin\java.dll
0x000000006e2e0000 - 0x000000006e303000 	C:\Program Files\Java\jdk1.8.0_121\jre\bin\instrument.dll
0x000000006e360000 - 0x000000006e376000 	C:\Program Files\Java\jdk1.8.0_121\jre\bin\zip.dll
0x00007ff82a420000 - 0x00007ff82ab07000 	C:\WINDOWS\System32\SHELL32.dll
0x00007ff8299e0000 - 0x00007ff829a89000 	C:\WINDOWS\System32\shcore.dll
0x00007ff8286f0000 - 0x00007ff828e71000 	C:\WINDOWS\System32\windows.storage.dll
0x00007ff828540000 - 0x00007ff828563000 	C:\WINDOWS\System32\profapi.dll
0x00007ff8284b0000 - 0x00007ff8284fa000 	C:\WINDOWS\System32\powrprof.dll
0x00007ff8284a0000 - 0x00007ff8284b0000 	C:\WINDOWS\System32\UMPDC.dll
0x00007ff82ab70000 - 0x00007ff82abc2000 	C:\WINDOWS\System32\shlwapi.dll
0x00007ff828520000 - 0x00007ff828531000 	C:\WINDOWS\System32\kernel.appcore.dll
0x00007ff829380000 - 0x00007ff829397000 	C:\WINDOWS\System32\cryptsp.dll
0x00007ff81a370000 - 0x00007ff81a38a000 	D:\IDEA\IntelliJ IDEA 2019.3.4\bin\breakgen64.dll
0x000000006e340000 - 0x000000006e35a000 	C:\Program Files\Java\jdk1.8.0_121\jre\bin\net.dll
0x00007ff827c20000 - 0x00007ff827c87000 	C:\WINDOWS\system32\mswsock.dll
0x00007ff827790000 - 0x00007ff8277c3000 	C:\WINDOWS\system32\rsaenh.dll
0x00007ff828570000 - 0x00007ff828596000 	C:\WINDOWS\System32\bcrypt.dll
0x00007ff8283c0000 - 0x00007ff8283e5000 	C:\WINDOWS\SYSTEM32\USERENV.dll
0x00007ff827df0000 - 0x00007ff827dfc000 	C:\WINDOWS\SYSTEM32\CRYPTBASE.dll
0x00007ff827930000 - 0x00007ff82796a000 	C:\WINDOWS\SYSTEM32\IPHLPAPI.DLL
0x00007ff8299c0000 - 0x00007ff8299c8000 	C:\WINDOWS\System32\NSI.dll
0x00007ff821c00000 - 0x00007ff821c16000 	C:\WINDOWS\SYSTEM32\dhcpcsvc6.DLL
0x00007ff821be0000 - 0x00007ff821bfc000 	C:\WINDOWS\SYSTEM32\dhcpcsvc.DLL
0x00007ff827970000 - 0x00007ff827a3b000 	C:\WINDOWS\SYSTEM32\DNSAPI.dll
0x000000006e320000 - 0x000000006e331000 	C:\Program Files\Java\jdk1.8.0_121\jre\bin\nio.dll
0x00007ff8208a0000 - 0x00007ff8208aa000 	C:\Windows\System32\rasadhlp.dll
0x00007ff820d90000 - 0x00007ff820e07000 	C:\WINDOWS\System32\fwpuclnt.dll

VM Arguments:
jvm_args: -ea -Dfile.encoding=UTF-8 -Didea.test.cyclic.buffer.size=1048576 -javaagent:D:\IDEA\IntelliJ IDEA 2019.3.4\lib\idea_rt.jar=62996:D:\IDEA\IntelliJ IDEA 2019.3.4\bin 
java_command: com.intellij.rt.testng.RemoteTestNGStarter -usedefaultlisteners false -socket62995 @w@C:\Users\zhang.sun\AppData\Local\Temp\idea_working_dirs_testng.tmp -temp C:\Users\zhang.sun\AppData\Local\Temp\idea_testng.tmp
java_class_path (initial): D:\IDEA\IntelliJ IDEA 2019.3.4\lib\idea_rt.jar;D:\IDEA\IntelliJ IDEA 2019.3.4\plugins\testng\lib\testng-rt.jar;C:\Program Files\Java\jdk1.8.0_121\jre\lib\charsets.jar;C:\Program Files\Java\jdk1.8.0_121\jre\lib\deploy.jar;C:\Program Files\Java\jdk1.8.0_121\jre\lib\ext\access-bridge-64.jar;C:\Program Files\Java\jdk1.8.0_121\jre\lib\ext\cldrdata.jar;C:\Program Files\Java\jdk1.8.0_121\jre\lib\ext\dnsns.jar;C:\Program Files\Java\jdk1.8.0_121\jre\lib\ext\jaccess.jar;C:\Program Files\Java\jdk1.8.0_121\jre\lib\ext\jfxrt.jar;C:\Program Files\Java\jdk1.8.0_121\jre\lib\ext\localedata.jar;C:\Program Files\Java\jdk1.8.0_121\jre\lib\ext\nashorn.jar;C:\Program Files\Java\jdk1.8.0_121\jre\lib\ext\sunec.jar;C:\Program Files\Java\jdk1.8.0_121\jre\lib\ext\sunjce_provider.jar;C:\Program Files\Java\jdk1.8.0_121\jre\lib\ext\sunmscapi.jar;C:\Program Files\Java\jdk1.8.0_121\jre\lib\ext\sunpkcs11.jar;C:\Program Files\Java\jdk1.8.0_121\jre\lib\ext\zipfs.jar;C:\Program Files\Java\jdk1.8.0_121\jre\lib\javaws.jar;C:\Program Files\Java\jdk1.8.0_121\jre\lib\jce.jar;C:\Program Files\Java\jdk1.8.0_121\jre\lib\jfr.jar;C:\Program Files\Java\jdk1.8.0_121\jre\lib\jfxswt.jar;C:\Program Files\Java\jdk1.8.0_121\jre\lib\jsse.jar;C:\Program Files\Java\jdk1.8.0_121\jre\lib\management-agent.jar;C:\Program Files\Java\jdk1.8.0_121\jre\lib\plugin.jar;C:\Program Files\Java\jdk1.8.0_121\jre\lib\resources.jar;C:\Program Files\Java\jdk1.8.0_121\jre\lib\rt.jar;D:\SeleniumProject\target\test-classes;D:\SeleniumProject\target\classes;E:\Tools\testng\testng-7.0.0.jar;E:\Tools\plugins\selenium-server-standalone-3.141.59.jar;C:\Users\zhang.sun\.m2\repository\org\seleniumhq\selenium\selenium-java\3.141.59\selenium-java-3.141.59.jar;C:\Users\zhang.sun\.m2\repository\org\seleniumhq\selenium\selenium-api\3.141.59\selenium-api-3.141.59.jar;C:\Users\zhang.sun\.m2\repository\org\seleniumhq\selenium\selenium-chrome-driver\3.141.59\selenium-chrome-driver-3.141.59.jar;C:\Users\zhang.sun\.m2\repository\o
Launcher Type: SUN_STANDARD

Environment Variables:
JAVA_HOME=C:\Program Files\Java\jdk1.8.0_121
CLASSPATH= .;C:\Program Files\Java\jdk1.8.0_121\lib;C:\Program Files\Java\jdk1.8.0_121\lib\tools.jar;E:\Tools\APIAutoPlugins;E:\Tools\testNG\testng-7.0.0.jar;E:\Tools\apache-tomcat-8.5.35\lib\servlet-api.jar
PATH=C:\Program Files (x86)\NetSarang\Xftp 6\;D:\Xshell 6\;C:\WINDOWS\system32;C:\WINDOWS;C:\WINDOWS\System32\Wbem;C:\WINDOWS\System32\WindowsPowerShell\v1.0\;C:\WINDOWS\System32\OpenSSH\;D:\IDEA\IntelliJ IDEA 2019.3.4\jbr;D:\VisualSVN Server\bin;E:\Tools\wamp\bin\mysql\mysql5.5.8\bin;E:\Tools\sdk_android_studio\tools\;E:\Tools\sdk_android_studio\platform-tools\;E:\Tools\oracle\PLSQL 64bytes\instantclient_10_2;E:\Tools\apache-maven-3.6.3\bin;E:\Tools\Driver;C:\Program Files\Java\jdk1.8.0_121\bin;C:\Program Files\Java\jdk1.8.0_121\jre\bin;C:\ProgramData\Oracle\Java\javapath;D:\Git\cmd;C:\Program Files\TortoiseGit\bin;E:\Tools\apache-tomcat-8.5.35\bin;E:\Tools\apache-tomcat-8.5.35\lib;D:\python\Scripts\;D:\python\;C:\Users\zhang.sun\AppData\Local\Microsoft\WindowsApps;D:\IDEA\IntelliJ IDEA 2019.3.4\bin;E:\Tools\oracle\PLSQL 64bytes\instantclient_10_2;E:\Tools\Fiddler;D:\pycharm\PyCharm Community Edition 2019.1\bin;;
USERNAME=zhang.sun
OS=Windows_NT
PROCESSOR_IDENTIFIER=Intel64 Family 6 Model 142 Stepping 10, GenuineIntel



---------------  S Y S T E M  ---------------

OS: Windows 10.0 , 64 bit Build 18362 (10.0.18362.1110)

CPU:total 8 (4 cores per cpu, 2 threads per core) family 6 model 142 stepping 10, cmov, cx8, fxsr, mmx, sse, sse2, sse3, ssse3, sse4.1, sse4.2, popcnt, avx, avx2, aes, clmul, erms, 3dnowpref, lzcnt, ht, tsc, tscinvbit, bmi1, bmi2, adx

Memory: 4k page, physical 8295652k(1016216k free), swap 21328948k(5208k free)

vm_info: Java HotSpot(TM) 64-Bit Server VM (25.121-b13) for windows-amd64 JRE (1.8.0_121-b13), built on Dec 12 2016 18:21:36 by "java_re" with MS VC++ 10.0 (VS2010)

time: Sun Jan 31 20:34:20 2021
elapsed time: 2 seconds (0d 0h 0m 2s)

