#
# There is insufficient memory for the Java Runtime Environment to continue.
# Native memory allocation (mmap) failed to map 134217728 bytes for Failed to commit area from 0x0000000081600000 to 0x0000000089600000 of length 134217728.
# Possible reasons:
#   The system is out of physical RAM or swap space
#   The process is running with CompressedOops enabled, and the Java Heap may be blocking the growth of the native heap
# Possible solutions:
#   Reduce memory load on the system
#   Increase physical memory or swap space
#   Check if swap backing store is full
#   Decrease Java heap size (-Xmx/-Xms)
#   Decrease number of Java threads
#   Decrease Java thread stack sizes (-Xss)
#   Set larger code cache with -XX:ReservedCodeCacheSize=
# This output file may be truncated or incomplete.
#
#  Out of Memory Error (c:/BuildAgent/work/5ff2f6c26000d570/src/hotspot/os/windows/os_windows.cpp:3296), pid=44416, tid=37712
#
# JRE version:  (11.0.6+8) (build )
# Java VM: OpenJDK 64-Bit Server VM (11.0.6+8-b520.43, mixed mode, sharing, tiered, compressed oops, g1 gc, windows-amd64)
# No core dump will be written. Minidumps are not enabled by default on client versions of Windows
#

---------------  S U M M A R Y ------------

Command Line: org.jetbrains.git4idea.http.GitAskPassApp Username for 'https://github.com': 

Host: Intel(R) Core(TM) i5-8250U CPU @ 1.60GHz, 8 cores, 7G,  Windows 10 , 64 bit Build 18362 (10.0.18362.1110)
Time: Sat Jan 30 23:26:20 2021 ?D1¨²¡À¨º¡Á?¨º¡À?? elapsed time: 0 seconds (0d 0h 0m 0s)

---------------  T H R E A D  ---------------

Current thread (0x000001954f6bb000):  JavaThread "Unknown thread" [_thread_in_vm, id=37712, stack(0x0000000ad6d00000,0x0000000ad6e00000)]

Stack: [0x0000000ad6d00000,0x0000000ad6e00000]
Native frames: (J=compiled Java code, j=interpreted, Vv=VM code, C=native code)
V  [jvm.dll+0x5de31a]
V  [jvm.dll+0x710ae5]
V  [jvm.dll+0x712005]
V  [jvm.dll+0x7126b3]
V  [jvm.dll+0x23e3a8]
V  [jvm.dll+0x5db814]
V  [jvm.dll+0x5d0a35]
V  [jvm.dll+0x2faeeb]
V  [jvm.dll+0x2fae5a]
V  [jvm.dll+0x2fad32]
V  [jvm.dll+0x2ffc06]
V  [jvm.dll+0x348483]
V  [jvm.dll+0x348b86]
V  [jvm.dll+0x348583]
V  [jvm.dll+0x2d57b8]
V  [jvm.dll+0x2d6957]
V  [jvm.dll+0x6ef8a7]
V  [jvm.dll+0x6f109c]
V  [jvm.dll+0x355a79]
V  [jvm.dll+0x6d49ee]
V  [jvm.dll+0x3bf0a3]
V  [jvm.dll+0x3c15c1]
C  [jli.dll+0x5363]
C  [ucrtbase.dll+0x210b2]
C  [KERNEL32.DLL+0x17c24]
C  [ntdll.dll+0x6d4d1]


---------------  P R O C E S S  ---------------

Threads class SMR info:
_java_thread_list=0x000001954d5a6e10, length=0, elements={
}

Java Threads: ( => current thread )

Other Threads:
  0x000001954f6d2000 GCTaskThread "GC Thread#0" [stack: 0x0000000ad6e00000,0x0000000ad6f00000] [id=34236]
  0x000001954f703000 ConcurrentGCThread "G1 Main Marker" [stack: 0x0000000ad6f00000,0x0000000ad7000000] [id=41584]
  0x000001954f705800 ConcurrentGCThread "G1 Conc#0" [stack: 0x0000000ad7000000,0x0000000ad7100000] [id=32228]

[error occurred during error reporting (printing all threads), id 0xc0000005, EXCEPTION_ACCESS_VIOLATION (0xc0000005) at pc=0x00007ffff02c6027]

VM state:not at safepoint (not fully initialized)

VM Mutex/Monitor currently owned by a thread:  ([mutex/lock_event])
[0x000001954f6b6e40] Heap_lock - owner thread: 0x000001954f6bb000

Heap address: 0x0000000081600000, size: 2026 MB, Compressed Oops mode: Non-zero based: 0x0000000081600000
Narrow klass base: 0x0000000000000000, Narrow klass shift: 0

GC Heap History (0 events):
No events

Deoptimization events (0 events):
No events

Classes redefined (0 events):
No events

Internal exceptions (0 events):
No events

Events (2 events):
Event: 0.026 Loaded shared library D:\IDEA\IntelliJ IDEA 2019.3.4\jbr\bin\zip.dll
Event: 0.028 Loaded shared library D:\IDEA\IntelliJ IDEA 2019.3.4\jbr\bin\jimage.dll


Dynamic libraries:
0x00007ff6d2dc0000 - 0x00007ff6d2dca000 	D:\IDEA\IntelliJ IDEA 2019.3.4\jbr\bin\java.exe
0x00007ff82b600000 - 0x00007ff82b7f0000 	C:\WINDOWS\SYSTEM32\ntdll.dll
0x00007ff829d80000 - 0x00007ff829e32000 	C:\WINDOWS\System32\KERNEL32.DLL
0x00007ff828fd0000 - 0x00007ff829275000 	C:\WINDOWS\System32\KERNELBASE.dll
0x00007ff8285a0000 - 0x00007ff82869a000 	C:\WINDOWS\System32\ucrtbase.dll
0x00007ff81aad0000 - 0x00007ff81aae7000 	D:\IDEA\IntelliJ IDEA 2019.3.4\jbr\bin\VCRUNTIME140.dll
0x00007ff8239b0000 - 0x00007ff8239c9000 	D:\IDEA\IntelliJ IDEA 2019.3.4\jbr\bin\jli.dll
0x00007ff82ac00000 - 0x00007ff82ad94000 	C:\WINDOWS\System32\USER32.dll
0x00007ff829540000 - 0x00007ff829561000 	C:\WINDOWS\System32\win32u.dll
0x00007ff82abd0000 - 0x00007ff82abf6000 	C:\WINDOWS\System32\GDI32.dll
0x00007ff8293a0000 - 0x00007ff829536000 	C:\WINDOWS\System32\gdi32full.dll
0x00007ff8292e0000 - 0x00007ff82937e000 	C:\WINDOWS\System32\msvcp_win.dll
0x00007ff818b20000 - 0x00007ff818da4000 	C:\WINDOWS\WinSxS\amd64_microsoft.windows.common-controls_6595b64144ccf1df_6.0.18362.1256_none_9e7e379be45e40e2\COMCTL32.dll
0x00007ff82b520000 - 0x00007ff82b5be000 	C:\WINDOWS\System32\msvcrt.dll
0x00007ff82b130000 - 0x00007ff82b466000 	C:\WINDOWS\System32\combase.dll
0x00007ff82aeb0000 - 0x00007ff82afd0000 	C:\WINDOWS\System32\RPCRT4.dll
0x00007ff829620000 - 0x00007ff8296a1000 	C:\WINDOWS\System32\bcryptPrimitives.dll
0x00007ff82b470000 - 0x00007ff82b49e000 	C:\WINDOWS\System32\IMM32.DLL
0x00007ffff90b0000 - 0x00007ffff914d000 	D:\IDEA\IntelliJ IDEA 2019.3.4\jbr\bin\msvcp140.dll
0x00007fffeffe0000 - 0x00007ffff0a9d000 	D:\IDEA\IntelliJ IDEA 2019.3.4\jbr\bin\server\jvm.dll
0x00007ff82b080000 - 0x00007ff82b123000 	C:\WINDOWS\System32\ADVAPI32.dll
0x00007ff82ae10000 - 0x00007ff82aea7000 	C:\WINDOWS\System32\sechost.dll
0x00007ff8299d0000 - 0x00007ff8299d8000 	C:\WINDOWS\System32\PSAPI.DLL
0x00007ff8238b0000 - 0x00007ff8238b9000 	C:\WINDOWS\SYSTEM32\WSOCK32.dll
0x00007ff82ada0000 - 0x00007ff82ae0f000 	C:\WINDOWS\System32\WS2_32.dll
0x00007ff828020000 - 0x00007ff82802a000 	C:\WINDOWS\SYSTEM32\VERSION.dll
0x00007ff825ff0000 - 0x00007ff826014000 	C:\WINDOWS\SYSTEM32\WINMM.dll
0x00007ff825de0000 - 0x00007ff825e0d000 	C:\WINDOWS\SYSTEM32\winmmbase.dll
0x00007ff8286a0000 - 0x00007ff8286ea000 	C:\WINDOWS\System32\cfgmgr32.dll
0x00007ff828520000 - 0x00007ff828531000 	C:\WINDOWS\System32\kernel.appcore.dll
0x00007ff824100000 - 0x00007ff824111000 	D:\IDEA\IntelliJ IDEA 2019.3.4\jbr\bin\verify.dll
0x00007ff8219e0000 - 0x00007ff821bd4000 	C:\WINDOWS\SYSTEM32\DBGHELP.DLL
0x00007ff821990000 - 0x00007ff8219ba000 	C:\WINDOWS\SYSTEM32\dbgcore.DLL
0x00007ff823a70000 - 0x00007ff823a99000 	D:\IDEA\IntelliJ IDEA 2019.3.4\jbr\bin\java.dll
0x00007ff823810000 - 0x00007ff823828000 	D:\IDEA\IntelliJ IDEA 2019.3.4\jbr\bin\zip.dll
0x00007ff8240d0000 - 0x00007ff8240db000 	D:\IDEA\IntelliJ IDEA 2019.3.4\jbr\bin\jimage.dll

dbghelp: loaded successfully - version: 4.0.5 - missing functions: none
symbol engine: initialized successfully - sym options: 0x614 - pdb path: .;D:\IDEA\IntelliJ IDEA 2019.3.4\jbr\bin;C:\WINDOWS\SYSTEM32;C:\WINDOWS\WinSxS\amd64_microsoft.windows.common-controls_6595b64144ccf1df_6.0.18362.1256_none_9e7e379be45e40e2;D:\IDEA\IntelliJ IDEA 2019.3.4\jbr\bin\server

VM Arguments:
java_command: org.jetbrains.git4idea.http.GitAskPassApp Username for 'https://github.com': 
java_class_path (initial): D:/IDEA/IntelliJ IDEA 2019.3.4/plugins/git4idea/lib/git4idea-rt.jar;D:/IDEA/IntelliJ IDEA 2019.3.4/lib/xmlrpc-2.0.1.jar;D:/IDEA/IntelliJ IDEA 2019.3.4/lib/commons-codec-1.13.jar;D:/IDEA/IntelliJ IDEA 2019.3.4/lib/util.jar
Launcher Type: SUN_STANDARD

[Global flags]
     intx CICompilerCount                          = 4                                         {product} {ergonomic}
     uint ConcGCThreads                            = 2                                         {product} {ergonomic}
     uint G1ConcRefinementThreads                  = 8                                         {product} {ergonomic}
   size_t G1HeapRegionSize                         = 1048576                                   {product} {ergonomic}
    uintx GCDrainStackTargetSize                   = 64                                        {product} {ergonomic}
   size_t InitialHeapSize                          = 134217728                                 {product} {ergonomic}
   size_t MarkStackSize                            = 4194304                                   {product} {ergonomic}
   size_t MaxHeapSize                              = 2124414976                                {product} {ergonomic}
   size_t MinHeapDeltaBytes                        = 1048576                                   {product} {ergonomic}
    uintx NonNMethodCodeHeapSize                   = 5836300                                {pd product} {ergonomic}
    uintx NonProfiledCodeHeapSize                  = 122910970                              {pd product} {ergonomic}
    uintx ProfiledCodeHeapSize                     = 122910970                              {pd product} {ergonomic}
    uintx ReservedCodeCacheSize                    = 251658240                              {pd product} {ergonomic}
     bool SegmentedCodeCache                       = true                                      {product} {ergonomic}
     bool UseCompressedClassPointers               = true                                 {lp64_product} {ergonomic}
     bool UseCompressedOops                        = true                                 {lp64_product} {ergonomic}
     bool UseG1GC                                  = true                                      {product} {ergonomic}
     bool UseLargePagesIndividualAllocation        = false                                  {pd product} {ergonomic}

Logging:
Log output configuration:
 #0: stdout all=warning uptime,level,tags
 #1: stderr all=off uptime,level,tags

Environment Variables:
JAVA_HOME=C:\Program Files\Java\jdk1.8.0_121
CLASSPATH= .;C:\Program Files\Java\jdk1.8.0_121\lib;C:\Program Files\Java\jdk1.8.0_121\lib\tools.jar;E:\Tools\APIAutoPlugins;E:\Tools\testNG\testng-7.0.0.jar;E:\Tools\apache-tomcat-8.5.35\lib\servlet-api.jar
PATH=D:\Git\mingw64\libexec\git-core;D:\Git\mingw64\libexec\git-core;D:\Git\mingw64\bin;D:\Git\usr\bin;C:\Users\zhang.sun\bin;C:\Program Files (x86)\NetSarang\Xftp 6;D:\Xshell 6;C:\WINDOWS\system32;C:\WINDOWS;C:\WINDOWS\System32\Wbem;C:\WINDOWS\System32\WindowsPowerShell\v1.0;C:\WINDOWS\System32\OpenSSH;D:\IDEA\IntelliJ IDEA 2019.3.4\jbr;D:\VisualSVN Server\bin;E:\Tools\wamp\bin\mysql\mysql5.5.8\bin;E:\Tools\sdk_android_studio\tools;E:\Tools\sdk_android_studio\platform-tools;E:\Tools\oracle\PLSQL 64bytes\instantclient_10_2;E:\Tools\apache-maven-3.6.3\bin;E:\Tools\Driver;C:\Program Files\Java\jdk1.8.0_121\bin;C:\Program Files\Java\jdk1.8.0_121\jre\bin;C:\ProgramData\Oracle\Java\javapath;D:\Git\cmd;C:\Program Files\TortoiseGit\bin;E:\Tools\apache-tomcat-8.5.35\bin;E:\Tools\apache-tomcat-8.5.35\lib;D:\python\Scripts;D:\python;C:\Users\zhang.sun\AppData\Local\Microsoft\WindowsApps;D:\IDEA\IntelliJ IDEA 2019.3.4\bin;E:\Tools\oracle\PLSQL 64bytes\instantclient_10_2;E:\Tools\Fiddler;D:\pycharm\PyCharm Community Edition 2019.1\bin
USERNAME=zhang.sun
DISPLAY=:0.0
OS=Windows_NT
PROCESSOR_IDENTIFIER=Intel64 Family 6 Model 142 Stepping 10, GenuineIntel



---------------  S Y S T E M  ---------------

OS: Windows 10 , 64 bit Build 18362 (10.0.18362.1110)

CPU:total 8 (initial active 8) (4 cores per cpu, 2 threads per core) family 6 model 142 stepping 10, cmov, cx8, fxsr, mmx, sse, sse2, sse3, ssse3, sse4.1, sse4.2, popcnt, avx, avx2, aes, clmul, erms, 3dnowpref, lzcnt, ht, tsc, tscinvbit, bmi1, bmi2, adx, fma

Memory: 4k page, system-wide physical 8101M (1622M free)
TotalPageFile size 20829M (AvailPageFile size 68M)
current process WorkingSet (physical memory assigned to process): 10M, peak: 10M
current process commit charge ("private bytes"): 60M, peak: 188M

vm_info: OpenJDK 64-Bit Server VM (11.0.6+8-b520.43) for windows-amd64 JRE (11.0.6+8-b520.43), built on Feb  3 2020 14:18:56 by "" with MS VC++ 14.0 (VS2015)

END.
