2021-01-31 10:13:16 425 INFO  LogAction:18 -- 输入网址
2021-01-31 10:13:19 152 INFO  LogAction:21 -- 开始登录：输入账户、密码
2021-01-31 10:13:19 418 INFO  LogAction:25 -- 显示等待30S：我的地盘
2021-01-31 10:13:19 967 INFO  LogAction:27 -- 断言页面，是否包含我的地盘！
2021-01-31 10:52:44 468 INFO  LogAction:18 -- 输入网址
2021-01-31 10:52:47 091 INFO  LogAction:21 -- 开始登录：输入账户、密码
2021-01-31 10:52:47 378 INFO  LogAction:25 -- 显示等待30S：我的地盘
2021-01-31 10:55:34 055 INFO  LogAction:18 -- 输入网址
2021-01-31 10:55:36 808 INFO  LogAction:21 -- 开始登录：输入账户、密码
2021-01-31 10:55:37 297 INFO  LogAction:25 -- 显示等待30S：我的地盘
2021-01-31 10:55:37 297 INFO  LogAction:27 -- 断言页面，是否包含我的地盘！
2021-01-31 10:55:37 303 ERROR LogAction:31 -- 登录失败，请检查账户或密码！
2021-01-31 10:58:26 243 INFO  LogAction:18 -- 输入网址
2021-01-31 10:58:28 854 INFO  LogAction:21 -- 开始登录：输入账户、密码
2021-01-31 10:58:29 244 INFO  LogAction:27 -- 断言页面，是否包含我的地盘！
2021-01-31 10:58:29 251 ERROR LogAction:31 -- 登录失败，请检查账户或密码！
2021-01-31 11:05:52 058 INFO  LogAction:17 -- 输入网址
2021-01-31 11:05:59 525 INFO  LogAction:20 -- 开始登录：输入账户、密码
2021-01-31 11:06:59 895 INFO  LogAction:17 -- 输入网址
2021-01-31 11:07:07 534 INFO  LogAction:20 -- 开始登录：输入账户、密码
2021-01-31 11:16:50 412 INFO  LogAction:17 -- 输入网址
2021-01-31 11:21:14 835 INFO  LogAction:17 -- 输入网址
2021-01-31 11:21:17 530 INFO  LogAction:20 -- 开始登录：输入账户、密码
2021-01-31 11:21:17 985 INFO  LogAction:26 -- 断言页面，是否包含我的地盘！
2021-01-31 11:21:17 991 ERROR LogAction:30 -- 登录失败，请检查账户或密码！
2021-01-31 11:22:15 017 INFO  LogAction:17 -- 输入网址
2021-01-31 11:22:17 827 INFO  LogAction:20 -- 开始登录：输入账户、密码
2021-01-31 11:22:18 404 INFO  LogAction:26 -- 断言页面，是否包含我的地盘！
2021-01-31 11:22:18 410 ERROR LogAction:30 -- 登录失败，请检查账户或密码！
2021-01-31 11:24:08 035 INFO  LogAction:17 -- 输入网址
2021-01-31 11:24:10 645 INFO  LogAction:20 -- 开始登录：输入账户、密码
2021-01-31 11:24:11 406 INFO  LogAction:26 -- 断言页面，是否包含我的地盘！
2021-01-31 11:24:11 413 ERROR LogAction:30 -- 登录失败，请检查账户或密码！
2021-01-31 11:26:17 627 INFO  LogAction:18 -- 输入网址
2021-01-31 11:26:20 439 INFO  LogAction:21 -- 开始登录：输入账户、密码
2021-01-31 11:26:21 298 INFO  LogAction:27 -- 断言页面，是否包含我的地盘！
2021-01-31 11:26:21 305 ERROR LogAction:31 -- 登录失败，请检查账户或密码！
2021-01-31 11:27:12 329 INFO  LogAction:18 -- 输入网址
2021-01-31 11:27:15 023 INFO  LogAction:21 -- 开始登录：输入账户、密码
2021-01-31 11:27:15 464 INFO  LogAction:27 -- 断言页面，是否包含我的地盘！
2021-01-31 11:27:15 472 ERROR LogAction:31 -- 登录失败，请检查账户或密码！
2021-01-31 11:28:19 435 INFO  LogAction:18 -- 输入网址
2021-01-31 11:28:22 114 INFO  LogAction:21 -- 开始登录：输入账户、密码
2021-01-31 11:28:22 450 INFO  LogAction:27 -- 断言页面，是否包含我的地盘！
2021-01-31 11:28:22 457 ERROR LogAction:31 -- 登录失败，请检查账户或密码！
2021-01-31 11:30:51 831 INFO  LogAction:18 -- 输入网址
2021-01-31 11:30:54 509 INFO  LogAction:21 -- 开始登录：输入账户、密码
2021-01-31 11:30:54 969 INFO  LogAction:27 -- 断言页面，是否包含我的地盘！
2021-01-31 11:30:54 976 ERROR LogAction:31 -- 登录失败，请检查账户或密码！
2021-01-31 11:32:58 511 INFO  LogAction:18 -- 输入网址
2021-01-31 11:33:01 238 INFO  LogAction:21 -- 开始登录：输入账户、密码
2021-01-31 11:33:01 660 INFO  LogAction:27 -- 断言页面，是否包含我的地盘！
2021-01-31 11:33:01 667 ERROR LogAction:31 -- 登录失败，请检查账户或密码！
2021-01-31 11:33:37 824 INFO  LogAction:18 -- 输入网址
2021-01-31 11:33:40 533 INFO  LogAction:21 -- 开始登录：输入账户、密码
2021-01-31 11:33:41 042 INFO  LogAction:27 -- 断言页面，是否包含我的地盘！
2021-01-31 11:33:41 049 ERROR LogAction:31 -- 登录失败，请检查账户或密码！
2021-01-31 11:34:40 465 INFO  LogAction:18 -- 输入网址
2021-01-31 11:34:43 145 INFO  LogAction:21 -- 开始登录：输入账户、密码
2021-01-31 11:34:43 618 INFO  LogAction:27 -- 断言页面，是否包含我的地盘！
2021-01-31 11:34:43 624 ERROR LogAction:31 -- 登录失败，请检查账户或密码！
2021-01-31 20:17:44 567 INFO  LoginTest:19 -- 登录：账户名null,	密码null
2021-01-31 20:17:49 261 INFO  LogAction:18 -- 输入网址
2021-01-31 20:17:51 893 INFO  LogAction:21 -- 输入账户、密码
2021-01-31 20:23:24 706 INFO  LoginTest:20 -- 登录：账户名null,	密码null
2021-01-31 20:23:29 122 INFO  LogAction:18 -- 输入网址
2021-01-31 20:23:31 659 INFO  LogAction:21 -- 输入账户、密码
2021-01-31 20:27:20 255 INFO  LoginTest:20 -- 登录：账户名zhangsan,	密码zhang.1595159
2021-01-31 20:27:24 750 INFO  LogAction:18 -- 输入网址
2021-01-31 20:27:27 291 INFO  LogAction:21 -- 输入账户、密码
2021-01-31 20:27:27 654 INFO  LogAction:27 -- 断言页面，是否包含我的地盘！
2021-01-31 20:27:27 658 ERROR LogAction:31 -- 登录失败，请检查账户或密码！
2021-01-31 20:27:27 658 ERROR LoginTest:24 -- 登录失败！
2021-01-31 20:27:29 018 INFO  LoginTest:20 -- 登录：账户名lisi,	密码zhang.1595159
2021-01-31 20:27:32 353 INFO  LogAction:18 -- 输入网址
2021-01-31 20:27:34 937 INFO  LogAction:21 -- 输入账户、密码
2021-01-31 20:27:35 231 INFO  LogAction:27 -- 断言页面，是否包含我的地盘！
2021-01-31 20:27:35 237 ERROR LogAction:31 -- 登录失败，请检查账户或密码！
2021-01-31 20:27:35 237 ERROR LoginTest:24 -- 登录失败！
2021-01-31 20:27:36 476 INFO  LoginTest:20 -- 登录：账户名wangwu,	密码zhang.1595159
2021-01-31 20:27:39 773 INFO  LogAction:18 -- 输入网址
2021-01-31 20:27:42 337 INFO  LogAction:21 -- 输入账户、密码
2021-01-31 20:27:42 639 INFO  LogAction:27 -- 断言页面，是否包含我的地盘！
2021-01-31 20:27:42 646 ERROR LogAction:31 -- 登录失败，请检查账户或密码！
2021-01-31 20:27:42 647 ERROR LoginTest:24 -- 登录失败！
2021-01-31 20:27:43 889 INFO  LoginTest:20 -- 登录：账户名null,	密码null
2021-01-31 20:29:43 176 INFO  LoginTest:20 -- 登录：账户名zhangsan,	密码zhang.1595159
2021-01-31 20:29:47 640 INFO  LogAction:18 -- 输入网址
2021-01-31 20:29:50 237 INFO  LogAction:21 -- 输入账户、密码
2021-01-31 20:29:50 522 INFO  LogAction:27 -- 断言页面，是否包含我的地盘！
2021-01-31 20:29:50 529 ERROR LogAction:31 -- 登录失败，请检查账户或密码！
2021-01-31 20:29:50 530 ERROR LoginTest:24 -- 登录失败！
2021-01-31 20:29:51 892 INFO  LoginTest:20 -- 登录：账户名lisi,	密码zhang.1595159
2021-01-31 20:29:55 237 INFO  LogAction:18 -- 输入网址
2021-01-31 20:29:57 783 INFO  LogAction:21 -- 输入账户、密码
2021-01-31 20:29:58 070 INFO  LogAction:27 -- 断言页面，是否包含我的地盘！
2021-01-31 20:29:58 077 ERROR LogAction:31 -- 登录失败，请检查账户或密码！
2021-01-31 20:29:58 077 ERROR LoginTest:24 -- 登录失败！
2021-01-31 20:29:59 318 INFO  LoginTest:20 -- 登录：账户名wangwu,	密码zhang.1595159
2021-01-31 20:30:02 646 INFO  LogAction:18 -- 输入网址
2021-01-31 20:30:05 204 INFO  LogAction:21 -- 输入账户、密码
2021-01-31 20:30:05 468 INFO  LogAction:27 -- 断言页面，是否包含我的地盘！
2021-01-31 20:30:05 475 ERROR LogAction:31 -- 登录失败，请检查账户或密码！
2021-01-31 20:30:05 475 ERROR LoginTest:24 -- 登录失败！
2021-01-31 20:30:09 986 INFO  LoginTest:20 -- 登录：账户名null,	密码null
2021-01-31 20:31:24 167 INFO  LoginTest:20 -- 登录：账户名zhangsan,	密码zhang.1595159
2021-01-31 20:31:28 715 INFO  LogAction:18 -- 输入网址
2021-01-31 20:31:31 220 INFO  LogAction:21 -- 输入账户、密码
2021-01-31 20:31:31 521 INFO  LogAction:27 -- 断言页面，是否包含我的地盘！
2021-01-31 20:31:31 528 ERROR LogAction:31 -- 登录失败，请检查账户或密码！
2021-01-31 20:31:31 528 ERROR LoginTest:24 -- 登录失败！
2021-01-31 20:31:32 909 INFO  LoginTest:20 -- 登录：账户名lisi,	密码zhang.1595159
2021-01-31 20:31:36 258 INFO  LogAction:18 -- 输入网址
2021-01-31 20:33:15 808 INFO  LoginTest:20 -- 登录：账户名zhangsan,	密码zhang.1595159
2021-01-31 20:34:20 774 INFO  LoginTest:21 -- 登录：账户名zhangsan,	密码zhang.1595159
2021-01-31 20:36:09 559 INFO  LoginTest:21 -- 登录：账户名zhangsan,	密码zhang.1595159
2021-01-31 20:36:14 004 INFO  LogAction:18 -- 输入网址
2021-01-31 20:36:16 511 INFO  LogAction:21 -- 输入账户、密码
2021-01-31 20:36:16 815 INFO  LogAction:27 -- 断言页面，是否包含我的地盘！
2021-01-31 20:36:16 822 ERROR LoginTest:26 -- 登录失败！
2021-01-31 20:36:18 204 INFO  LoginTest:21 -- 登录：账户名lisi,	密码zhang.1595159
2021-01-31 20:36:21 589 INFO  LogAction:18 -- 输入网址
2021-01-31 20:36:24 191 INFO  LogAction:21 -- 输入账户、密码
2021-01-31 20:36:24 457 INFO  LogAction:27 -- 断言页面，是否包含我的地盘！
2021-01-31 20:36:24 464 ERROR LoginTest:26 -- 登录失败！
2021-01-31 20:36:25 732 INFO  LoginTest:21 -- 登录：账户名wangwu,	密码zhang.1595159
2021-01-31 20:41:01 742 INFO  LoginTest:21 -- 登录：账户名zhangsan,	密码zhang.1595159
2021-01-31 20:41:06 167 INFO  LogAction:18 -- 输入网址
2021-01-31 20:41:08 745 INFO  LogAction:21 -- 输入账户、密码
2021-01-31 20:41:09 028 INFO  LogAction:27 -- 断言页面，是否包含我的地盘！
2021-01-31 20:41:09 028 INFO  LogAction:31 -- 退出
2021-01-31 20:41:10 424 INFO  LoginTest:21 -- 登录：账户名lisi,	密码zhang.1595159
2021-01-31 20:41:13 772 INFO  LogAction:18 -- 输入网址
2021-01-31 20:41:16 324 INFO  LogAction:21 -- 输入账户、密码
2021-01-31 20:41:16 612 INFO  LogAction:27 -- 断言页面，是否包含我的地盘！
2021-01-31 20:41:16 612 INFO  LogAction:31 -- 退出
2021-01-31 20:41:17 927 INFO  LoginTest:21 -- 登录：账户名wangwu,	密码zhang.1595159
2021-01-31 20:42:37 930 INFO  LoginTest:21 -- 登录：账户名zhangsan,	密码zhang.1595159
2021-01-31 20:42:42 451 INFO  LogAction:18 -- 输入网址
2021-01-31 20:42:46 979 INFO  LogAction:21 -- 输入账户、密码
2021-01-31 20:42:47 301 INFO  LogAction:27 -- 断言页面，是否包含我的地盘！
2021-01-31 20:42:48 302 INFO  LogAction:31 -- 退出
2021-01-31 20:42:50 335 INFO  LogAction:35 -- 清空用户名、密码
2021-01-31 20:42:50 444 INFO  LoginTest:35 -- 退出，清空账户名、密码
2021-01-31 20:42:50 444 INFO  LoginTest:21 -- 登录：账户名lisi,	密码zhang.1595159
2021-01-31 20:42:58 886 INFO  LoginTest:21 -- 登录：账户名wangwu,	密码zhang.1595159
2021-01-31 20:47:11 862 INFO  LoginTest:18 -- 输入网址
2021-01-31 20:47:14 909 INFO  LoginTest:29 -- 登录：账户名zhangsan,	密码zhang.1595159
2021-01-31 20:47:14 940 INFO  LogAction:18 -- 输入账户、密码
2021-01-31 20:47:15 232 INFO  LogAction:24 -- 断言页面，是否包含我的地盘！
2021-01-31 20:47:16 238 INFO  LogAction:28 -- 退出
2021-01-31 20:47:17 085 INFO  LogAction:32 -- 清空用户名、密码
2021-01-31 20:47:17 182 INFO  LoginTest:43 -- 退出，清空账户名、密码
2021-01-31 20:47:18 363 INFO  LoginTest:18 -- 输入网址
2021-01-31 20:47:46 571 INFO  LoginTest:18 -- 输入网址
2021-01-31 20:47:50 435 INFO  LoginTest:29 -- 登录：账户名zhangsan,	密码zhang.1595159
2021-01-31 20:47:50 450 INFO  LogAction:18 -- 输入账户、密码
2021-01-31 20:47:50 704 INFO  LogAction:24 -- 断言页面，是否包含我的地盘！
2021-01-31 20:47:51 705 INFO  LogAction:28 -- 退出
2021-01-31 20:47:52 445 INFO  LogAction:32 -- 清空用户名、密码
2021-01-31 20:47:52 545 INFO  LoginTest:43 -- 退出，清空账户名、密码
2021-01-31 20:47:52 545 INFO  LoginTest:29 -- 登录：账户名lisi,	密码zhang.1595159
2021-01-31 20:47:52 545 INFO  LogAction:18 -- 输入账户、密码
2021-01-31 20:47:52 773 INFO  LogAction:24 -- 断言页面，是否包含我的地盘！
2021-01-31 20:47:53 773 INFO  LogAction:28 -- 退出
2021-01-31 20:47:54 315 INFO  LogAction:32 -- 清空用户名、密码
2021-01-31 20:47:54 405 INFO  LoginTest:43 -- 退出，清空账户名、密码
2021-01-31 20:47:54 405 INFO  LoginTest:29 -- 登录：账户名wangwu,	密码zhang.1595159
2021-01-31 20:47:54 406 INFO  LogAction:18 -- 输入账户、密码
2021-01-31 20:47:54 631 INFO  LogAction:24 -- 断言页面，是否包含我的地盘！
2021-01-31 20:47:55 633 INFO  LogAction:28 -- 退出
2021-01-31 20:47:56 111 INFO  LogAction:32 -- 清空用户名、密码
2021-01-31 20:47:56 197 INFO  LoginTest:43 -- 退出，清空账户名、密码
2021-01-31 20:50:02 131 INFO  LoginTest:18 -- 输入网址
2021-01-31 20:50:05 809 INFO  LoginTest:29 -- 登录：账户名zhangsan,	密码zhang.1595159
2021-01-31 20:50:05 825 INFO  LogAction:18 -- 输入账户、密码
2021-01-31 20:50:06 094 INFO  LogAction:24 -- 断言页面，是否包含我的地盘！
2021-01-31 20:50:07 104 INFO  LogAction:28 -- 退出
2021-01-31 20:50:07 735 INFO  LogAction:32 -- 清空用户名、密码
2021-01-31 20:50:07 811 INFO  LoginTest:43 -- 退出，清空账户名、密码
2021-01-31 20:50:07 827 INFO  LoginTest:29 -- 登录：账户名lisi,	密码zhang.1595159
2021-01-31 20:50:07 827 INFO  LogAction:18 -- 输入账户、密码
2021-01-31 20:50:08 051 INFO  LogAction:24 -- 断言页面，是否包含我的地盘！
2021-01-31 20:50:09 051 INFO  LogAction:28 -- 退出
2021-01-31 20:50:09 670 INFO  LogAction:32 -- 清空用户名、密码
2021-01-31 20:50:09 767 INFO  LoginTest:43 -- 退出，清空账户名、密码
2021-01-31 20:50:09 769 INFO  LoginTest:29 -- 登录：账户名wangwu,	密码zhang.1595159
2021-01-31 20:50:09 770 INFO  LogAction:18 -- 输入账户、密码
2021-01-31 20:50:09 987 INFO  LogAction:24 -- 断言页面，是否包含我的地盘！
2021-01-31 20:50:10 988 INFO  LogAction:28 -- 退出
2021-01-31 20:50:11 379 INFO  LogAction:32 -- 清空用户名、密码
2021-01-31 20:50:11 475 INFO  LoginTest:43 -- 退出，清空账户名、密码
2021-01-31 20:50:34 407 INFO  LoginTest:18 -- 输入网址
2021-01-31 20:50:38 032 INFO  LoginTest:29 -- 登录：账户名zhangsan,	密码zhang.1595159
2021-01-31 20:50:38 048 INFO  LogAction:18 -- 输入账户、密码
2021-01-31 20:50:38 359 INFO  LogAction:24 -- 断言页面，是否包含我的地盘！
2021-01-31 20:50:39 360 INFO  LogAction:28 -- 退出
2021-01-31 20:50:39 753 INFO  LogAction:32 -- 清空用户名、密码
2021-01-31 20:50:39 842 INFO  LoginTest:43 -- 退出，清空账户名、密码
2021-01-31 20:50:39 845 INFO  LoginTest:29 -- 登录：账户名lisi,	密码zhang.1595159
2021-01-31 20:50:39 846 INFO  LogAction:18 -- 输入账户、密码
2021-01-31 20:50:40 051 INFO  LogAction:24 -- 断言页面，是否包含我的地盘！
2021-01-31 20:50:41 051 INFO  LogAction:28 -- 退出
2021-01-31 20:50:41 532 INFO  LogAction:32 -- 清空用户名、密码
2021-01-31 20:50:41 627 INFO  LoginTest:43 -- 退出，清空账户名、密码
2021-01-31 20:50:41 628 INFO  LoginTest:29 -- 登录：账户名wangwu,	密码zhang.1595159
2021-01-31 20:50:41 629 INFO  LogAction:18 -- 输入账户、密码
2021-01-31 20:50:41 837 INFO  LogAction:24 -- 断言页面，是否包含我的地盘！
2021-01-31 20:50:42 850 INFO  LogAction:28 -- 退出
2021-01-31 20:50:43 639 INFO  LogAction:32 -- 清空用户名、密码
2021-01-31 20:50:43 733 INFO  LoginTest:43 -- 退出，清空账户名、密码
2021-01-31 20:51:38 351 INFO  LoginTest:18 -- 输入网址
2021-01-31 20:51:42 023 INFO  LoginTest:29 -- 登录：账户名zhangsan,	密码zhang.1595159
2021-01-31 20:51:42 039 INFO  LogAction:18 -- 输入账户、密码
2021-01-31 20:51:42 332 INFO  LogAction:24 -- 断言页面，是否包含我的地盘！
2021-01-31 20:51:43 333 INFO  LogAction:28 -- 退出
2021-01-31 20:51:43 958 INFO  LogAction:32 -- 清空用户名、密码
2021-01-31 20:51:44 033 INFO  LoginTest:43 -- 退出，清空账户名、密码
2021-01-31 20:51:44 033 INFO  LoginTest:29 -- 登录：账户名lisi,	密码zhang.1595159
2021-01-31 20:51:44 033 INFO  LogAction:18 -- 输入账户、密码
2021-01-31 20:51:44 274 INFO  LogAction:24 -- 断言页面，是否包含我的地盘！
2021-01-31 20:51:45 276 INFO  LogAction:28 -- 退出
2021-01-31 20:51:45 876 INFO  LogAction:32 -- 清空用户名、密码
2021-01-31 20:51:45 962 INFO  LoginTest:43 -- 退出，清空账户名、密码
2021-01-31 20:51:45 963 INFO  LoginTest:29 -- 登录：账户名wangwu,	密码zhang.1595159
2021-01-31 20:51:45 964 INFO  LogAction:18 -- 输入账户、密码
2021-01-31 20:51:46 136 INFO  LogAction:24 -- 断言页面，是否包含我的地盘！
2021-01-31 20:51:47 139 INFO  LogAction:28 -- 退出
2021-01-31 20:51:47 664 INFO  LogAction:32 -- 清空用户名、密码
2021-01-31 20:51:47 759 INFO  LoginTest:43 -- 退出，清空账户名、密码
